<?xml version="1.0" encoding="UTF-8"?>
<testng-results ignored="0" total="1" passed="1" failed="0" skipped="0">
  <reporter-output>
  </reporter-output>
  <suite started-at="2018-04-16T09:43:45Z" name="Default suite" finished-at="2018-04-16T09:43:56Z" duration-ms="10921">
    <groups>
    </groups>
    <test started-at="2018-04-16T09:43:45Z" name="Default test" finished-at="2018-04-16T09:43:56Z" duration-ms="10921">
      <class name="loc.validation">
        <test-method signature="title()[pri:0, instance:loc.validation@710f4dc7]" started-at="2018-04-16T15:13:45Z" name="title" finished-at="2018-04-16T15:13:56Z" duration-ms="10873" status="PASS">
          <reporter-output>
          </reporter-output>
        </test-method> <!-- title -->
      </class> <!-- loc.validation -->
    </test> <!-- Default test -->
  </suite> <!-- Default suite -->
</testng-results>
